<?xml version="1.0" encoding="UTF-8"?>
<!-- Generated by org.testng.reporters.JUnitXMLReporter -->
<testsuite ignored="0" hostname="DESKTOP-FV8DVOK" failures="1" tests="1" name="Surefire test" time="3.691" errors="0" timestamp="02 июл. 2022 09:37:01 GMT">
  <testcase classname="TestWithSelfWaiters" name="mainTest" time="2.379">
    <failure type="java.lang.NullPointerException">
      <![CDATA[java.lang.NullPointerException
at java.base/java.util.Objects.requireNonNull(Objects.java:208)
at org.openqa.selenium.support.ui.FluentWait.<init>(FluentWait.java:106)
at org.openqa.selenium.support.ui.WebDriverWait.<init>(WebDriverWait.java:85)
at org.openqa.selenium.support.ui.WebDriverWait.<init>(WebDriverWait.java:45)
at otus.java.qa.professional.homework.waiters.Waiter.waitForElementVisible(Waiter.java:40)
at otus.java.qa.professional.homework.components.MainCoursesComponents.moveToEarlyComponent(MainCoursesComponents.java:143)
at TestWithSelfWaiters.mainTest(TestWithSelfWaiters.java:16)
... Removed 27 stack frames]]>
    </failure>
  </testcase> <!-- mainTest -->
</testsuite> <!-- Surefire test -->
