<?xml version="1.0" encoding="UTF-8"?>
<!-- Generated by org.testng.reporters.JUnitXMLReporter -->
<testsuite ignored="0" hostname="DESKTOP-FV8DVOK" failures="0" tests="3" name="Surefire test" time="22.177" errors="0" timestamp="03 июл. 2022 20:43:34 GMT">
  <testcase classname="OTUS_Test" name="checkFilteringCourseByName" time="1.24"/>
  <testcase classname="OTUS_Test" name="checkSelectingEarlierCourse" time="2.814"/>
  <testcase classname="OTUS_Test" name="checkSelectingLaterCourse" time="2.744"/>
</testsuite> <!-- Surefire test -->
