-------------------------------------------------------------------------------
Test set: TestSuite
-------------------------------------------------------------------------------
Tests run: 1, Failures: 1, Errors: 0, Skipped: 0, Time elapsed: 3.851 sec <<< FAILURE! - in TestSuite
mainTest(TestWithSelfWaiters)  Time elapsed: 2.383 sec  <<< FAILURE!
java.lang.NullPointerException
	at TestWithSelfWaiters.mainTest(TestWithSelfWaiters.java:16)

