<?xml version="1.0" encoding="UTF-8"?>
<testng-results ignored="0" total="3" passed="3" failed="0" skipped="0">
  <reporter-output>
  </reporter-output>
  <suite started-at="2022-07-03T20:43:12Z" name="Surefire suite" finished-at="2022-07-03T20:43:34Z" duration-ms="22177">
    <groups>
    </groups>
    <test started-at="2022-07-03T20:43:12Z" name="Surefire test" finished-at="2022-07-03T20:43:34Z" duration-ms="22177">
      <class name="OTUS_Test">
        <test-method is-config="true" signature="oneTimeSetUp()[pri:0, instance:OTUS_Test@13c27452]" started-at="2022-07-03T20:43:12Z" name="oneTimeSetUp" finished-at="2022-07-03T20:43:27Z" duration-ms="15292" status="PASS">
          <reporter-output>
          </reporter-output>
        </test-method> <!-- oneTimeSetUp -->
        <test-method signature="checkFilteringCourseByName()[pri:1, instance:OTUS_Test@13c27452]" started-at="2022-07-03T20:43:27Z" name="checkFilteringCourseByName" description="Check filtering by Name" finished-at="2022-07-03T20:43:28Z" duration-ms="1240" status="PASS">
          <reporter-output>
          </reporter-output>
        </test-method> <!-- checkFilteringCourseByName -->
        <test-method signature="checkSelectingEarlierCourse()[pri:2, instance:OTUS_Test@13c27452]" started-at="2022-07-03T20:43:28Z" name="checkSelectingEarlierCourse" description="Check selecting earlier Course" finished-at="2022-07-03T20:43:31Z" duration-ms="2814" status="PASS">
          <reporter-output>
          </reporter-output>
        </test-method> <!-- checkSelectingEarlierCourse -->
        <test-method signature="checkSelectingLaterCourse()[pri:3, instance:OTUS_Test@13c27452]" started-at="2022-07-03T20:43:31Z" name="checkSelectingLaterCourse" description="Check selecting later Course" finished-at="2022-07-03T20:43:34Z" duration-ms="2744" status="PASS">
          <reporter-output>
          </reporter-output>
        </test-method> <!-- checkSelectingLaterCourse -->
        <test-method is-config="true" signature="TearDown()[pri:0, instance:OTUS_Test@13c27452]" started-at="2022-07-03T20:43:34Z" name="TearDown" finished-at="2022-07-03T20:43:34Z" duration-ms="78" status="PASS">
          <reporter-output>
          </reporter-output>
        </test-method> <!-- TearDown -->
      </class> <!-- OTUS_Test -->
    </test> <!-- Surefire test -->
  </suite> <!-- Surefire suite -->
</testng-results>
