<?xml version="1.0" encoding="UTF-8"?>
<testsuite xmlns:xsi="http://www.w3.org/2001/XMLSchema-instance" xsi:schemaLocation="https://maven.apache.org/surefire/maven-surefire-plugin/xsd/surefire-test-report.xsd" name="TestSuite" time="12.673" tests="3" errors="0" skipped="0" failures="3">
  <properties>
[...]
</properties>
  <testcase name="checkFilteringCourseByName" classname="OTUS_Test" time="0.166">
    <failure message="Unparseable date: &quot;28 июня&quot;" type="java.text.ParseException">java.text.ParseException: Unparseable date: "28 июня"
	at OTUS_Test.checkFilteringCourseByName(OTUS_Test.java:14)
</failure>
    <system-err><![CDATA[SLF4J: Failed to load class "org.slf4j.impl.StaticLoggerBinder".
SLF4J: Defaulting to no-operation (NOP) logger implementation
SLF4J: See http://www.slf4j.org/codes.html#StaticLoggerBinder for further details.
Starting ChromeDriver 103.0.5060.53 (a1711811edd74ff1cf2150f36ffa3b0dae40b17f-refs/branch-heads/5060@{#853}) on port 41996
Only local connections are allowed.
Please see https://chromedriver.chromium.org/security-considerations for suggestions on keeping ChromeDriver safe.
ChromeDriver was started successfully.
Jul 04, 2022 3:38:40 PM org.openqa.selenium.remote.ProtocolHandshake createSession
INFO: Detected dialect: W3C
]]></system-err>
  </testcase>
  <testcase name="checkSelectingEarlierCourse" classname="OTUS_Test" time="0.07">
    <failure message="Unparseable date: &quot;28 июня&quot;" type="java.text.ParseException">java.text.ParseException: Unparseable date: "28 июня"
	at OTUS_Test.checkSelectingEarlierCourse(OTUS_Test.java:23)
</failure>
  </testcase>
  <testcase name="checkSelectingLaterCourse" classname="OTUS_Test" time="0.07">
    <failure message="Unparseable date: &quot;28 июня&quot;" type="java.text.ParseException">java.text.ParseException: Unparseable date: "28 июня"
	at OTUS_Test.checkSelectingLaterCourse(OTUS_Test.java:35)
</failure>
  </testcase>
</testsuite>