<?xml version="1.0" encoding="UTF-8"?>
<testng-results ignored="0" total="3" passed="3" failed="0" skipped="0">
  <reporter-output>
  </reporter-output>
  <suite started-at="2022-07-10T06:38:41Z" name="Surefire suite" finished-at="2022-07-10T06:45:46Z" duration-ms="425377">
    <groups>
    </groups>
    <test started-at="2022-07-10T06:38:41Z" name="Surefire test" finished-at="2022-07-10T06:45:46Z" duration-ms="425377">
      <class name="OTUS_Test">
        <test-method is-config="true" signature="oneTimeSetUp()[pri:0, instance:OTUS_Test@77f99a05]" started-at="2022-07-10T06:38:41Z" name="oneTimeSetUp" finished-at="2022-07-10T06:38:49Z" duration-ms="7930" status="PASS">
          <reporter-output>
          </reporter-output>
        </test-method> <!-- oneTimeSetUp -->
        <test-method signature="checkFilteringCourseByName()[pri:1, instance:OTUS_Test@77f99a05]" started-at="2022-07-10T06:38:49Z" name="checkFilteringCourseByName" description="Check filtering by Name" finished-at="2022-07-10T06:38:49Z" duration-ms="190" status="PASS">
          <reporter-output>
          </reporter-output>
        </test-method> <!-- checkFilteringCourseByName -->
        <test-method signature="checkSelectingEarlierCourse()[pri:2, instance:OTUS_Test@77f99a05]" started-at="2022-07-10T06:38:49Z" name="checkSelectingEarlierCourse" description="Check selecting earlier Course" finished-at="2022-07-10T06:42:32Z" duration-ms="223066" status="PASS">
          <reporter-output>
          </reporter-output>
        </test-method> <!-- checkSelectingEarlierCourse -->
        <test-method signature="checkSelectingLaterCourse()[pri:3, instance:OTUS_Test@77f99a05]" started-at="2022-07-10T06:42:32Z" name="checkSelectingLaterCourse" description="Check selecting later Course" finished-at="2022-07-10T06:45:45Z" duration-ms="193634" status="PASS">
          <reporter-output>
          </reporter-output>
        </test-method> <!-- checkSelectingLaterCourse -->
        <test-method is-config="true" signature="TearDown()[pri:0, instance:OTUS_Test@77f99a05]" started-at="2022-07-10T06:45:45Z" name="TearDown" finished-at="2022-07-10T06:45:46Z" duration-ms="545" status="PASS">
          <reporter-output>
          </reporter-output>
        </test-method> <!-- TearDown -->
      </class> <!-- OTUS_Test -->
    </test> <!-- Surefire test -->
  </suite> <!-- Surefire suite -->
</testng-results>
