<?xml version="1.0" encoding="UTF-8"?>
<!-- Generated by org.testng.reporters.JUnitXMLReporter -->
<testsuite ignored="0" hostname="DESKTOP-FV8DVOK" failures="0" tests="3" name="Surefire test" time="425.377" errors="0" timestamp="10 июл. 2022 06:45:46 GMT">
  <testcase classname="OTUS_Test" name="checkFilteringCourseByName" time="0.19"/>
  <testcase classname="OTUS_Test" name="checkSelectingEarlierCourse" time="223.066"/>
  <testcase classname="OTUS_Test" name="checkSelectingLaterCourse" time="193.634"/>
</testsuite> <!-- Surefire test -->
